[debug] [2021-10-04T08:52:51.036Z] ----------------------------------------------------------------------
[debug] [2021-10-04T08:52:51.043Z] Command:       C:\Program Files\nodejs\node.exe C:\Users\User\AppData\Roaming\npm\node_modules\firebase-tools\lib\bin\firebase.js deploy
[debug] [2021-10-04T08:52:51.044Z] CLI Version:   9.18.0
[debug] [2021-10-04T08:52:51.045Z] Platform:      win32
[debug] [2021-10-04T08:52:51.045Z] Node Version:  v14.17.6
[debug] [2021-10-04T08:52:51.047Z] Time:          Mon Oct 04 2021 01:52:51 GMT-0700 (Pacific Daylight Time)
[debug] [2021-10-04T08:52:51.048Z] ----------------------------------------------------------------------
[debug] 
[debug] [2021-10-04T08:52:51.181Z] > command requires scopes: ["email","openid","https://www.googleapis.com/auth/cloudplatformprojects.readonly","https://www.googleapis.com/auth/firebase","https://www.googleapis.com/auth/cloud-platform"]
[debug] [2021-10-04T08:52:51.181Z] > authorizing via signed-in user (jessy.bandya5@gmail.com)
[debug] [2021-10-04T08:52:51.182Z] [iam] checking project simple-academic-survey for permissions ["firebase.projects.get","firebasehosting.sites.update"]
[debug] [2021-10-04T08:52:51.188Z] >>> HTTP REQUEST POST https://cloudresourcemanager.googleapis.com/v1/projects/simple-academic-survey:testIamPermissions  
 {"permissions":["firebase.projects.get","firebasehosting.sites.update"]}
[debug] [2021-10-04T08:53:10.504Z] [iam] error while checking permissions, command may fail: FirebaseError: Server Error. read ECONNRESET
[debug] [2021-10-04T08:53:10.506Z] > refreshing access token with scopes: []
[debug] [2021-10-04T08:53:10.507Z] >>> HTTP REQUEST POST https://www.googleapis.com/oauth2/v3/token  
 <request body omitted>
[debug] [2021-10-04T08:53:36.643Z] Authentication Error: Your credentials are no longer valid. Please run firebase login --reauth

For CI servers and headless environments, generate a new token with firebase login:ci
[debug] [2021-10-04T08:53:55.874Z] FirebaseError: Authentication Error: Your credentials are no longer valid. Please run firebase login --reauth

For CI servers and headless environments, generate a new token with firebase login:ci
    at invalidCredentialError (C:\Users\User\AppData\Roaming\npm\node_modules\firebase-tools\lib\auth.js:141:12)
    at refreshTokens (C:\Users\User\AppData\Roaming\npm\node_modules\firebase-tools\lib\auth.js:448:15)
    at processTicksAndRejections (internal/process/task_queues.js:95:5)
    at async Client.getAccessToken (C:\Users\User\AppData\Roaming\npm\node_modules\firebase-tools\lib\apiv2.js:144:23)
    at async Client.addAuthHeader (C:\Users\User\AppData\Roaming\npm\node_modules\firebase-tools\lib\apiv2.js:135:21)
    at async Client.request (C:\Users\User\AppData\Roaming\npm\node_modules\firebase-tools\lib\apiv2.js:93:34)
    at async Object.getFirebaseProject (C:\Users\User\AppData\Roaming\npm\node_modules\firebase-tools\lib\management\projects.js:290:21)
    at async Object.getDefaultHostingSite (C:\Users\User\AppData\Roaming\npm\node_modules\firebase-tools\lib\getDefaultHostingSite.js:8:21)
    at async requireHostingSite (C:\Users\User\AppData\Roaming\npm\node_modules\firebase-tools\lib\requireHostingSite.js:9:18)
    at async Object.fn (C:\Users\User\AppData\Roaming\npm\node_modules\firebase-tools\lib\commands\deploy.js:65:9)
    at async C:\Users\User\AppData\Roaming\npm\node_modules\firebase-tools\lib\command.js:188:17
[error] 
[error] Error: Failed to get Firebase project simple-academic-survey. Please make sure the project exists and your account has permission to access it.
[debug] [2021-10-04T09:00:34.471Z] ----------------------------------------------------------------------
[debug] [2021-10-04T09:00:34.475Z] Command:       C:\Program Files\nodejs\node.exe C:\Users\User\AppData\Roaming\npm\node_modules\firebase-tools\lib\bin\firebase.js deploy
[debug] [2021-10-04T09:00:34.475Z] CLI Version:   9.18.0
[debug] [2021-10-04T09:00:34.476Z] Platform:      win32
[debug] [2021-10-04T09:00:34.476Z] Node Version:  v14.17.6
[debug] [2021-10-04T09:00:34.477Z] Time:          Mon Oct 04 2021 02:00:34 GMT-0700 (Pacific Daylight Time)
[debug] [2021-10-04T09:00:34.478Z] ----------------------------------------------------------------------
[debug] 
[debug] [2021-10-04T09:00:34.567Z] > command requires scopes: ["email","openid","https://www.googleapis.com/auth/cloudplatformprojects.readonly","https://www.googleapis.com/auth/firebase","https://www.googleapis.com/auth/cloud-platform"]
[debug] [2021-10-04T09:00:34.568Z] > authorizing via signed-in user (jessy.bandya5@gmail.com)
[debug] [2021-10-04T09:00:34.568Z] [iam] checking project simple-academic-survey for permissions ["firebase.projects.get","firebasehosting.sites.update"]
[debug] [2021-10-04T09:00:34.571Z] >>> HTTP REQUEST POST https://cloudresourcemanager.googleapis.com/v1/projects/simple-academic-survey:testIamPermissions  
 {"permissions":["firebase.projects.get","firebasehosting.sites.update"]}
[debug] [2021-10-04T09:00:46.645Z] [iam] error while checking permissions, command may fail: FirebaseError: Server Error. getaddrinfo ENOTFOUND cloudresourcemanager.googleapis.com
[debug] [2021-10-04T09:00:46.654Z] > refreshing access token with scopes: []
[debug] [2021-10-04T09:00:46.654Z] >>> HTTP REQUEST POST https://www.googleapis.com/oauth2/v3/token  
 <request body omitted>
[debug] [2021-10-04T09:01:58.864Z] Authentication Error: Your credentials are no longer valid. Please run firebase login --reauth

For CI servers and headless environments, generate a new token with firebase login:ci
[debug] [2021-10-04T09:02:10.883Z] FirebaseError: Authentication Error: Your credentials are no longer valid. Please run firebase login --reauth

For CI servers and headless environments, generate a new token with firebase login:ci
    at invalidCredentialError (C:\Users\User\AppData\Roaming\npm\node_modules\firebase-tools\lib\auth.js:141:12)
    at refreshTokens (C:\Users\User\AppData\Roaming\npm\node_modules\firebase-tools\lib\auth.js:448:15)
    at processTicksAndRejections (internal/process/task_queues.js:95:5)
    at async Client.getAccessToken (C:\Users\User\AppData\Roaming\npm\node_modules\firebase-tools\lib\apiv2.js:144:23)
    at async Client.addAuthHeader (C:\Users\User\AppData\Roaming\npm\node_modules\firebase-tools\lib\apiv2.js:135:21)
    at async Client.request (C:\Users\User\AppData\Roaming\npm\node_modules\firebase-tools\lib\apiv2.js:93:34)
    at async Object.getFirebaseProject (C:\Users\User\AppData\Roaming\npm\node_modules\firebase-tools\lib\management\projects.js:290:21)
    at async Object.getDefaultHostingSite (C:\Users\User\AppData\Roaming\npm\node_modules\firebase-tools\lib\getDefaultHostingSite.js:8:21)
    at async requireHostingSite (C:\Users\User\AppData\Roaming\npm\node_modules\firebase-tools\lib\requireHostingSite.js:9:18)
    at async Object.fn (C:\Users\User\AppData\Roaming\npm\node_modules\firebase-tools\lib\commands\deploy.js:65:9)
    at async C:\Users\User\AppData\Roaming\npm\node_modules\firebase-tools\lib\command.js:188:17
[error] 
[error] Error: Failed to get Firebase project simple-academic-survey. Please make sure the project exists and your account has permission to access it.
[debug] [2021-10-04T09:03:43.778Z] ----------------------------------------------------------------------
[debug] [2021-10-04T09:03:43.785Z] Command:       C:\Program Files\nodejs\node.exe C:\Users\User\AppData\Roaming\npm\node_modules\firebase-tools\lib\bin\firebase.js deploy
[debug] [2021-10-04T09:03:43.786Z] CLI Version:   9.18.0
[debug] [2021-10-04T09:03:43.787Z] Platform:      win32
[debug] [2021-10-04T09:03:43.787Z] Node Version:  v14.17.6
[debug] [2021-10-04T09:03:43.789Z] Time:          Mon Oct 04 2021 02:03:43 GMT-0700 (Pacific Daylight Time)
[debug] [2021-10-04T09:03:43.789Z] ----------------------------------------------------------------------
[debug] 
[debug] [2021-10-04T09:03:43.954Z] > command requires scopes: ["email","openid","https://www.googleapis.com/auth/cloudplatformprojects.readonly","https://www.googleapis.com/auth/firebase","https://www.googleapis.com/auth/cloud-platform"]
[debug] [2021-10-04T09:03:43.954Z] > authorizing via signed-in user (jessy.bandya5@gmail.com)
[debug] [2021-10-04T09:03:43.954Z] [iam] checking project simple-academic-survey for permissions ["firebase.projects.get","firebasehosting.sites.update"]
[debug] [2021-10-04T09:03:43.958Z] >>> HTTP REQUEST POST https://cloudresourcemanager.googleapis.com/v1/projects/simple-academic-survey:testIamPermissions  
 {"permissions":["firebase.projects.get","firebasehosting.sites.update"]}
[debug] [2021-10-04T09:12:33.281Z] [iam] error while checking permissions, command may fail: FirebaseError: Server Error. read ECONNRESET
[debug] [2021-10-04T09:12:33.284Z] > refreshing access token with scopes: []
[debug] [2021-10-04T09:12:33.285Z] >>> HTTP REQUEST POST https://www.googleapis.com/oauth2/v3/token  
 <request body omitted>
[debug] [2021-10-04T09:12:45.294Z] Authentication Error: Your credentials are no longer valid. Please run firebase login --reauth

For CI servers and headless environments, generate a new token with firebase login:ci
[debug] [2021-10-04T09:13:11.982Z] FirebaseError: Authentication Error: Your credentials are no longer valid. Please run firebase login --reauth

For CI servers and headless environments, generate a new token with firebase login:ci
    at invalidCredentialError (C:\Users\User\AppData\Roaming\npm\node_modules\firebase-tools\lib\auth.js:141:12)
    at refreshTokens (C:\Users\User\AppData\Roaming\npm\node_modules\firebase-tools\lib\auth.js:448:15)
    at processTicksAndRejections (internal/process/task_queues.js:95:5)
    at async Client.getAccessToken (C:\Users\User\AppData\Roaming\npm\node_modules\firebase-tools\lib\apiv2.js:144:23)
    at async Client.addAuthHeader (C:\Users\User\AppData\Roaming\npm\node_modules\firebase-tools\lib\apiv2.js:135:21)
    at async Client.request (C:\Users\User\AppData\Roaming\npm\node_modules\firebase-tools\lib\apiv2.js:93:34)
    at async Object.getFirebaseProject (C:\Users\User\AppData\Roaming\npm\node_modules\firebase-tools\lib\management\projects.js:290:21)
    at async Object.getDefaultHostingSite (C:\Users\User\AppData\Roaming\npm\node_modules\firebase-tools\lib\getDefaultHostingSite.js:8:21)
    at async requireHostingSite (C:\Users\User\AppData\Roaming\npm\node_modules\firebase-tools\lib\requireHostingSite.js:9:18)
    at async Object.fn (C:\Users\User\AppData\Roaming\npm\node_modules\firebase-tools\lib\commands\deploy.js:65:9)
    at async C:\Users\User\AppData\Roaming\npm\node_modules\firebase-tools\lib\command.js:188:17
[error] 
[error] Error: Failed to get Firebase project simple-academic-survey. Please make sure the project exists and your account has permission to access it.
[debug] [2021-10-04T09:16:31.222Z] ----------------------------------------------------------------------
[debug] [2021-10-04T09:16:31.225Z] Command:       C:\Program Files\nodejs\node.exe C:\Users\User\AppData\Roaming\npm\node_modules\firebase-tools\lib\bin\firebase.js deploy
[debug] [2021-10-04T09:16:31.226Z] CLI Version:   9.18.0
[debug] [2021-10-04T09:16:31.226Z] Platform:      win32
[debug] [2021-10-04T09:16:31.226Z] Node Version:  v14.17.6
[debug] [2021-10-04T09:16:31.228Z] Time:          Mon Oct 04 2021 02:16:31 GMT-0700 (Pacific Daylight Time)
[debug] [2021-10-04T09:16:31.228Z] ----------------------------------------------------------------------
[debug] 
[debug] [2021-10-04T09:16:31.319Z] > command requires scopes: ["email","openid","https://www.googleapis.com/auth/cloudplatformprojects.readonly","https://www.googleapis.com/auth/firebase","https://www.googleapis.com/auth/cloud-platform"]
[debug] [2021-10-04T09:16:31.320Z] > authorizing via signed-in user (jessy.bandya5@gmail.com)
[debug] [2021-10-04T09:16:31.320Z] [iam] checking project simple-academic-survey for permissions ["firebase.projects.get","firebasehosting.sites.update"]
[debug] [2021-10-04T09:16:31.323Z] >>> HTTP REQUEST POST https://cloudresourcemanager.googleapis.com/v1/projects/simple-academic-survey:testIamPermissions  
 {"permissions":["firebase.projects.get","firebasehosting.sites.update"]}
